Library/Bee/Android/Prj/Mono2x/Gradle/unityLibrary/build/intermediates/manifest_merge_blame_file/release/manifest-merger-blame-release-report.txt
1<?xml version="1.0" encoding="utf-8"?>
2<manifest xmlns:android="http://schemas.android.com/apk/res/android"
3    xmlns:tools="http://schemas.android.com/tools"
4    package="com.unity3d.player" >
5
6    <uses-sdk
7        android:minSdkVersion="22"
7-->src\main\AndroidManifest.xml
8        android:targetSdkVersion="32" />
8-->src\main\AndroidManifest.xml
9
10    <uses-feature android:glEsVersion="0x00030000" />
10-->src\main\AndroidManifest.xml:3:3-52
10-->src\main\AndroidManifest.xml:3:17-49
11    <uses-feature
11-->src\main\AndroidManifest.xml:4:3-91
12        android:name="android.hardware.vulkan.version"
12-->src\main\AndroidManifest.xml:4:17-63
13        android:required="false" />
13-->src\main\AndroidManifest.xml:4:64-88
14    <uses-feature
14-->src\main\AndroidManifest.xml:5:3-88
15        android:name="android.hardware.touchscreen"
15-->src\main\AndroidManifest.xml:5:17-60
16        android:required="false" />
16-->src\main\AndroidManifest.xml:5:61-85
17    <uses-feature
17-->src\main\AndroidManifest.xml:6:3-99
18        android:name="android.hardware.touchscreen.multitouch"
18-->src\main\AndroidManifest.xml:6:17-71
19        android:required="false" />
19-->src\main\AndroidManifest.xml:6:72-96
20    <uses-feature
20-->src\main\AndroidManifest.xml:7:3-108
21        android:name="android.hardware.touchscreen.multitouch.distinct"
21-->src\main\AndroidManifest.xml:7:17-80
22        android:required="false" />
22-->src\main\AndroidManifest.xml:7:81-105
23
24    <application android:extractNativeLibs="true" >
24-->src\main\AndroidManifest.xml:8:3-26:17
24-->src\main\AndroidManifest.xml:8:16-48
25        <meta-data
25-->src\main\AndroidManifest.xml:9:5-69
26            android:name="unity.splash-mode"
26-->src\main\AndroidManifest.xml:9:16-48
27            android:value="0" />
27-->src\main\AndroidManifest.xml:9:49-66
28        <meta-data
28-->src\main\AndroidManifest.xml:10:5-74
29            android:name="unity.splash-enable"
29-->src\main\AndroidManifest.xml:10:16-50
30            android:value="True" />
30-->src\main\AndroidManifest.xml:10:51-71
31        <meta-data
31-->src\main\AndroidManifest.xml:11:5-78
32            android:name="unity.launch-fullscreen"
32-->src\main\AndroidManifest.xml:11:16-54
33            android:value="True" />
33-->src\main\AndroidManifest.xml:11:55-75
34        <meta-data
34-->src\main\AndroidManifest.xml:12:5-83
35            android:name="unity.allow-resizable-window"
35-->src\main\AndroidManifest.xml:12:16-59
36            android:value="True" />
36-->src\main\AndroidManifest.xml:12:60-80
37        <meta-data
37-->src\main\AndroidManifest.xml:13:5-73
38            android:name="android.max_aspect"
38-->src\main\AndroidManifest.xml:13:16-49
39            android:value="16.9" />
39-->src\main\AndroidManifest.xml:13:50-70
40        <meta-data
40-->src\main\AndroidManifest.xml:14:5-81
41            android:name="notch.config"
41-->src\main\AndroidManifest.xml:14:16-43
42            android:value="portrait|landscape" />
42-->src\main\AndroidManifest.xml:14:44-78
43        <meta-data
43-->src\main\AndroidManifest.xml:15:5-84
44            android:name="unity.auto-report-fully-drawn"
44-->src\main\AndroidManifest.xml:15:16-60
45            android:value="true" />
45-->src\main\AndroidManifest.xml:15:61-81
46
47        <activity
47-->src\main\AndroidManifest.xml:16:5-25:16
48            android:name="com.unity3d.player.UnityPlayerActivity"
48-->src\main\AndroidManifest.xml:16:15-68
49            android:configChanges="mcc|mnc|locale|touchscreen|keyboard|keyboardHidden|navigation|orientation|screenLayout|uiMode|screenSize|smallestScreenSize|fontScale|layoutDirection|density"
49-->src\main\AndroidManifest.xml:16:215-396
50            android:exported="true"
50-->src\main\AndroidManifest.xml:16:467-490
51            android:hardwareAccelerated="false"
51-->src\main\AndroidManifest.xml:16:431-466
52            android:launchMode="singleTask"
52-->src\main\AndroidManifest.xml:16:153-184
53            android:maxAspectRatio="16.9"
53-->src\main\AndroidManifest.xml:16:185-214
54            android:resizeableActivity="true"
54-->src\main\AndroidManifest.xml:16:397-430
55            android:screenOrientation="userLandscape"
55-->src\main\AndroidManifest.xml:16:111-152
56            android:theme="@style/UnityThemeSelector" >
56-->src\main\AndroidManifest.xml:16:69-110
57            <intent-filter>
57-->src\main\AndroidManifest.xml:17:7-20:23
58                <category android:name="android.intent.category.LAUNCHER" />
58-->src\main\AndroidManifest.xml:18:9-69
58-->src\main\AndroidManifest.xml:18:19-66
59
60                <action android:name="android.intent.action.MAIN" />
60-->src\main\AndroidManifest.xml:19:9-61
60-->src\main\AndroidManifest.xml:19:17-58
61            </intent-filter>
62
63            <meta-data
63-->src\main\AndroidManifest.xml:21:7-82
64                android:name="unityplayer.UnityActivity"
64-->src\main\AndroidManifest.xml:21:18-58
65                android:value="true" />
65-->src\main\AndroidManifest.xml:21:59-79
66            <meta-data
66-->src\main\AndroidManifest.xml:22:7-130
67                android:name="WindowManagerPreference:FreeformWindowSize"
67-->src\main\AndroidManifest.xml:22:18-75
68                android:value="@string/FreeformWindowSize_maximize" />
68-->src\main\AndroidManifest.xml:22:76-127
69            <meta-data
69-->src\main\AndroidManifest.xml:23:7-145
70                android:name="WindowManagerPreference:FreeformWindowOrientation"
70-->src\main\AndroidManifest.xml:23:18-82
71                android:value="@string/FreeformWindowOrientation_landscape" />
71-->src\main\AndroidManifest.xml:23:83-142
72            <meta-data
72-->src\main\AndroidManifest.xml:24:7-70
73                android:name="notch_support"
73-->src\main\AndroidManifest.xml:24:18-46
74                android:value="true" />
74-->src\main\AndroidManifest.xml:24:47-67
75        </activity>
76    </application>
77
78</manifest>